2017-12-08T20:14:05+00:00 CRITICAL Uncaught DivisionByZeroError: Modulo by zero in /home/vol10_5/byethost31.com/b31_21066959/iwatani.vnm-shop.cf/htdocs/wp-content/themes/zoneshop/inc/widgets/wc-product-slider/tpl/base.php:164
Stack trace:
#0 /home/vol10_5/byethost31.com/b31_21066959/iwatani.vnm-shop.cf/htdocs/wp-content/themes/zoneshop/framework/libs/class-tp-widgets.php(122): include()
#1 /home/vol10_5/byethost31.com/b31_21066959/iwatani.vnm-shop.cf/htdocs/wp-includes/class-wp-widget.php(395): Thim_Widget->widget(Array, Array)
#2 /home/vol10_5/byethost31.com/b31_21066959/iwatani.vnm-shop.cf/htdocs/wp-includes/widgets.php(738): WP_Widget->display_callback(Array, Array)
#3 /home/vol10_5/byethost31.com/b31_21066959/iwatani.vnm-shop.cf/htdocs/wp-content/themes/zoneshop/footer.php(38): dynamic_sidebar('footer_bottom')
#4 /home/vol10_5/byethost31.com/b31_21066959/iwatani.vnm-shop.cf/htdocs/wp-includes/template.php(688): require_once('/home/vol10_5/b...')
#5 /home/vol10_5/byethost31.com/b31_21066959/iwatani.vnm-shop.cf/htdocs/wp-includes/template.ph

2017-12-08T20:14:31+00:00 CRITICAL Uncaught DivisionByZeroError: Modulo by zero in /home/vol10_5/byethost31.com/b31_21066959/iwatani.vnm-shop.cf/htdocs/wp-content/themes/zoneshop/inc/widgets/wc-product-slider/tpl/base.php:164
Stack trace:
#0 /home/vol10_5/byethost31.com/b31_21066959/iwatani.vnm-shop.cf/htdocs/wp-content/themes/zoneshop/framework/libs/class-tp-widgets.php(122): include()
#1 /home/vol10_5/byethost31.com/b31_21066959/iwatani.vnm-shop.cf/htdocs/wp-includes/class-wp-widget.php(395): Thim_Widget->widget(Array, Array)
#2 /home/vol10_5/byethost31.com/b31_21066959/iwatani.vnm-shop.cf/htdocs/wp-includes/widgets.php(738): WP_Widget->display_callback(Array, Array)
#3 /home/vol10_5/byethost31.com/b31_21066959/iwatani.vnm-shop.cf/htdocs/wp-content/themes/zoneshop/sidebar.php(13): dynamic_sidebar('sidebar-1')
#4 /home/vol10_5/byethost31.com/b31_21066959/iwatani.vnm-shop.cf/htdocs/wp-includes/template.php(688): require_once('/home/vol10_5/b...')
#5 /home/vol10_5/byethost31.com/b31_21066959/iwatani.vnm-shop.cf/htdocs/wp-includes/template.php(6

2017-12-08T20:14:37+00:00 CRITICAL Uncaught DivisionByZeroError: Modulo by zero in /home/vol10_5/byethost31.com/b31_21066959/iwatani.vnm-shop.cf/htdocs/wp-content/themes/zoneshop/inc/widgets/wc-product-slider/tpl/base.php:164
Stack trace:
#0 /home/vol10_5/byethost31.com/b31_21066959/iwatani.vnm-shop.cf/htdocs/wp-content/themes/zoneshop/framework/libs/class-tp-widgets.php(122): include()
#1 /home/vol10_5/byethost31.com/b31_21066959/iwatani.vnm-shop.cf/htdocs/wp-includes/class-wp-widget.php(395): Thim_Widget->widget(Array, Array)
#2 /home/vol10_5/byethost31.com/b31_21066959/iwatani.vnm-shop.cf/htdocs/wp-includes/widgets.php(738): WP_Widget->display_callback(Array, Array)
#3 /home/vol10_5/byethost31.com/b31_21066959/iwatani.vnm-shop.cf/htdocs/wp-content/themes/zoneshop/footer.php(38): dynamic_sidebar('footer_bottom')
#4 /home/vol10_5/byethost31.com/b31_21066959/iwatani.vnm-shop.cf/htdocs/wp-includes/template.php(688): require_once('/home/vol10_5/b...')
#5 /home/vol10_5/byethost31.com/b31_21066959/iwatani.vnm-shop.cf/htdocs/wp-includes/template.ph

2017-12-08T20:14:52+00:00 CRITICAL Uncaught DivisionByZeroError: Modulo by zero in /home/vol10_5/byethost31.com/b31_21066959/iwatani.vnm-shop.cf/htdocs/wp-content/themes/zoneshop/inc/widgets/wc-product-slider/tpl/base.php:164
Stack trace:
#0 /home/vol10_5/byethost31.com/b31_21066959/iwatani.vnm-shop.cf/htdocs/wp-content/themes/zoneshop/framework/libs/class-tp-widgets.php(122): include()
#1 /home/vol10_5/byethost31.com/b31_21066959/iwatani.vnm-shop.cf/htdocs/wp-includes/class-wp-widget.php(395): Thim_Widget->widget(Array, Array)
#2 /home/vol10_5/byethost31.com/b31_21066959/iwatani.vnm-shop.cf/htdocs/wp-includes/widgets.php(738): WP_Widget->display_callback(Array, Array)
#3 /home/vol10_5/byethost31.com/b31_21066959/iwatani.vnm-shop.cf/htdocs/wp-content/themes/zoneshop/footer.php(38): dynamic_sidebar('footer_bottom')
#4 /home/vol10_5/byethost31.com/b31_21066959/iwatani.vnm-shop.cf/htdocs/wp-includes/template.php(688): require_once('/home/vol10_5/b...')
#5 /home/vol10_5/byethost31.com/b31_21066959/iwatani.vnm-shop.cf/htdocs/wp-includes/template.ph

2017-12-08T20:14:54+00:00 CRITICAL Uncaught DivisionByZeroError: Modulo by zero in /home/vol10_5/byethost31.com/b31_21066959/iwatani.vnm-shop.cf/htdocs/wp-content/themes/zoneshop/inc/widgets/wc-product-slider/tpl/base.php:164
Stack trace:
#0 /home/vol10_5/byethost31.com/b31_21066959/iwatani.vnm-shop.cf/htdocs/wp-content/themes/zoneshop/framework/libs/class-tp-widgets.php(122): include()
#1 /home/vol10_5/byethost31.com/b31_21066959/iwatani.vnm-shop.cf/htdocs/wp-includes/class-wp-widget.php(395): Thim_Widget->widget(Array, Array)
#2 /home/vol10_5/byethost31.com/b31_21066959/iwatani.vnm-shop.cf/htdocs/wp-includes/widgets.php(738): WP_Widget->display_callback(Array, Array)
#3 /home/vol10_5/byethost31.com/b31_21066959/iwatani.vnm-shop.cf/htdocs/wp-content/themes/zoneshop/footer.php(38): dynamic_sidebar('footer_bottom')
#4 /home/vol10_5/byethost31.com/b31_21066959/iwatani.vnm-shop.cf/htdocs/wp-includes/template.php(688): require_once('/home/vol10_5/b...')
#5 /home/vol10_5/byethost31.com/b31_21066959/iwatani.vnm-shop.cf/htdocs/wp-includes/template.ph

2017-12-10T16:42:08+00:00 CRITICAL Uncaught Error: Call to undefined method eightstore_lite_About_Theme::eightstore_lite_call_plugin_api() in /home/vol10_5/byethost31.com/b31_21066959/iwatani.vnm-shop.cf/htdocs/wp-content/themes/eightstore-lite/welcome/eightstore_lite_about.php:414
Stack trace:
#0 /home/vol10_5/byethost31.com/b31_21066959/iwatani.vnm-shop.cf/htdocs/wp-includes/class-wp-hook.php(298): eightstore_lite_About_Theme->eightstore_lite_plugin_activation_callback('')
#1 /home/vol10_5/byethost31.com/b31_21066959/iwatani.vnm-shop.cf/htdocs/wp-includes/class-wp-hook.php(323): WP_Hook->apply_filters('', Array)
#2 /home/vol10_5/byethost31.com/b31_21066959/iwatani.vnm-shop.cf/htdocs/wp-includes/plugin.php(453): WP_Hook->do_action(Array)
#3 /home/vol10_5/byethost31.com/b31_21066959/iwatani.vnm-shop.cf/htdocs/wp-admin/admin-ajax.php(91): do_action('wp_ajax_eightst...')
#4 {main}
  thrown

2017-12-13T10:03:24+00:00 CRITICAL Uncaught Error: Call to undefined method eightstore_lite_About_Theme::eightstore_lite_call_plugin_api() in /home/vol10_5/byethost31.com/b31_21066959/iwatani.vnm-shop.cf/htdocs/wp-content/themes/eightstore-lite/welcome/eightstore_lite_about.php:414
Stack trace:
#0 /home/vol10_5/byethost31.com/b31_21066959/iwatani.vnm-shop.cf/htdocs/wp-includes/class-wp-hook.php(298): eightstore_lite_About_Theme->eightstore_lite_plugin_activation_callback('')
#1 /home/vol10_5/byethost31.com/b31_21066959/iwatani.vnm-shop.cf/htdocs/wp-includes/class-wp-hook.php(323): WP_Hook->apply_filters('', Array)
#2 /home/vol10_5/byethost31.com/b31_21066959/iwatani.vnm-shop.cf/htdocs/wp-includes/plugin.php(453): WP_Hook->do_action(Array)
#3 /home/vol10_5/byethost31.com/b31_21066959/iwatani.vnm-shop.cf/htdocs/wp-admin/admin-ajax.php(91): do_action('wp_ajax_eightst...')
#4 {main}
  thrown

2017-12-19T10:37:28+00:00 CRITICAL Uncaught Error: Call to undefined method eightstore_lite_About_Theme::eightstore_lite_call_plugin_api() in /home/vol10_5/byethost31.com/b31_21066959/iwatani.vnm-shop.cf/htdocs/wp-content/themes/eightstore-lite/welcome/eightstore_lite_about.php:414
Stack trace:
#0 /home/vol10_5/byethost31.com/b31_21066959/iwatani.vnm-shop.cf/htdocs/wp-includes/class-wp-hook.php(298): eightstore_lite_About_Theme->eightstore_lite_plugin_activation_callback('')
#1 /home/vol10_5/byethost31.com/b31_21066959/iwatani.vnm-shop.cf/htdocs/wp-includes/class-wp-hook.php(323): WP_Hook->apply_filters('', Array)
#2 /home/vol10_5/byethost31.com/b31_21066959/iwatani.vnm-shop.cf/htdocs/wp-includes/plugin.php(453): WP_Hook->do_action(Array)
#3 /home/vol10_5/byethost31.com/b31_21066959/iwatani.vnm-shop.cf/htdocs/wp-admin/admin-ajax.php(91): do_action('wp_ajax_eightst...')
#4 {main}
  thrown

2018-01-03T18:10:30+00:00 CRITICAL Uncaught Error: Call to undefined method eightstore_lite_About_Theme::eightstore_lite_call_plugin_api() in /home/vol10_5/byethost31.com/b31_21066959/iwatani.vnm-shop.cf/htdocs/wp-content/themes/eightstore-lite/welcome/eightstore_lite_about.php:414
Stack trace:
#0 /home/vol10_5/byethost31.com/b31_21066959/iwatani.vnm-shop.cf/htdocs/wp-includes/class-wp-hook.php(298): eightstore_lite_About_Theme->eightstore_lite_plugin_activation_callback('')
#1 /home/vol10_5/byethost31.com/b31_21066959/iwatani.vnm-shop.cf/htdocs/wp-includes/class-wp-hook.php(323): WP_Hook->apply_filters('', Array)
#2 /home/vol10_5/byethost31.com/b31_21066959/iwatani.vnm-shop.cf/htdocs/wp-includes/plugin.php(453): WP_Hook->do_action(Array)
#3 /home/vol10_5/byethost31.com/b31_21066959/iwatani.vnm-shop.cf/htdocs/wp-admin/admin-ajax.php(91): do_action('wp_ajax_eightst...')
#4 {main}
  thrown

2018-01-03T18:17:31+00:00 CRITICAL Uncaught Error: Call to undefined method eightstore_lite_About_Theme::eightstore_lite_call_plugin_api() in /home/vol10_5/byethost31.com/b31_21066959/iwatani.vnm-shop.cf/htdocs/wp-content/themes/eightstore-lite/welcome/eightstore_lite_about.php:414
Stack trace:
#0 /home/vol10_5/byethost31.com/b31_21066959/iwatani.vnm-shop.cf/htdocs/wp-includes/class-wp-hook.php(298): eightstore_lite_About_Theme->eightstore_lite_plugin_activation_callback('')
#1 /home/vol10_5/byethost31.com/b31_21066959/iwatani.vnm-shop.cf/htdocs/wp-includes/class-wp-hook.php(323): WP_Hook->apply_filters('', Array)
#2 /home/vol10_5/byethost31.com/b31_21066959/iwatani.vnm-shop.cf/htdocs/wp-includes/plugin.php(453): WP_Hook->do_action(Array)
#3 /home/vol10_5/byethost31.com/b31_21066959/iwatani.vnm-shop.cf/htdocs/wp-admin/admin-ajax.php(91): do_action('wp_ajax_eightst...')
#4 {main}
  thrown

2018-01-03T18:55:58+00:00 CRITICAL Uncaught Error: Call to undefined method eightstore_lite_About_Theme::eightstore_lite_call_plugin_api() in /home/vol10_5/byethost31.com/b31_21066959/iwatani.vnm-shop.cf/htdocs/wp-content/themes/eightstore-lite/welcome/eightstore_lite_about.php:414
Stack trace:
#0 /home/vol10_5/byethost31.com/b31_21066959/iwatani.vnm-shop.cf/htdocs/wp-includes/class-wp-hook.php(298): eightstore_lite_About_Theme->eightstore_lite_plugin_activation_callback('')
#1 /home/vol10_5/byethost31.com/b31_21066959/iwatani.vnm-shop.cf/htdocs/wp-includes/class-wp-hook.php(323): WP_Hook->apply_filters('', Array)
#2 /home/vol10_5/byethost31.com/b31_21066959/iwatani.vnm-shop.cf/htdocs/wp-includes/plugin.php(453): WP_Hook->do_action(Array)
#3 /home/vol10_5/byethost31.com/b31_21066959/iwatani.vnm-shop.cf/htdocs/wp-admin/admin-ajax.php(91): do_action('wp_ajax_eightst...')
#4 {main}
  thrown

2018-01-03T19:04:46+00:00 CRITICAL Uncaught Error: Call to undefined method eightstore_lite_About_Theme::eightstore_lite_call_plugin_api() in /home/vol10_5/byethost31.com/b31_21066959/iwatani.vnm-shop.cf/htdocs/wp-content/themes/eightstore-lite/welcome/eightstore_lite_about.php:414
Stack trace:
#0 /home/vol10_5/byethost31.com/b31_21066959/iwatani.vnm-shop.cf/htdocs/wp-includes/class-wp-hook.php(298): eightstore_lite_About_Theme->eightstore_lite_plugin_activation_callback('')
#1 /home/vol10_5/byethost31.com/b31_21066959/iwatani.vnm-shop.cf/htdocs/wp-includes/class-wp-hook.php(323): WP_Hook->apply_filters('', Array)
#2 /home/vol10_5/byethost31.com/b31_21066959/iwatani.vnm-shop.cf/htdocs/wp-includes/plugin.php(453): WP_Hook->do_action(Array)
#3 /home/vol10_5/byethost31.com/b31_21066959/iwatani.vnm-shop.cf/htdocs/wp-admin/admin-ajax.php(91): do_action('wp_ajax_eightst...')
#4 {main}
  thrown

2018-01-03T19:05:24+00:00 CRITICAL Uncaught Error: Call to undefined method eightstore_lite_About_Theme::eightstore_lite_call_plugin_api() in /home/vol10_5/byethost31.com/b31_21066959/iwatani.vnm-shop.cf/htdocs/wp-content/themes/eightstore-lite/welcome/eightstore_lite_about.php:414
Stack trace:
#0 /home/vol10_5/byethost31.com/b31_21066959/iwatani.vnm-shop.cf/htdocs/wp-includes/class-wp-hook.php(298): eightstore_lite_About_Theme->eightstore_lite_plugin_activation_callback('')
#1 /home/vol10_5/byethost31.com/b31_21066959/iwatani.vnm-shop.cf/htdocs/wp-includes/class-wp-hook.php(323): WP_Hook->apply_filters('', Array)
#2 /home/vol10_5/byethost31.com/b31_21066959/iwatani.vnm-shop.cf/htdocs/wp-includes/plugin.php(453): WP_Hook->do_action(Array)
#3 /home/vol10_5/byethost31.com/b31_21066959/iwatani.vnm-shop.cf/htdocs/wp-admin/admin-ajax.php(91): do_action('wp_ajax_eightst...')
#4 {main}
  thrown

2018-01-03T19:07:35+00:00 CRITICAL Uncaught Error: Call to undefined method eightstore_lite_About_Theme::eightstore_lite_call_plugin_api() in /home/vol10_5/byethost31.com/b31_21066959/iwatani.vnm-shop.cf/htdocs/wp-content/themes/eightstore-lite/welcome/eightstore_lite_about.php:414
Stack trace:
#0 /home/vol10_5/byethost31.com/b31_21066959/iwatani.vnm-shop.cf/htdocs/wp-includes/class-wp-hook.php(298): eightstore_lite_About_Theme->eightstore_lite_plugin_activation_callback('')
#1 /home/vol10_5/byethost31.com/b31_21066959/iwatani.vnm-shop.cf/htdocs/wp-includes/class-wp-hook.php(323): WP_Hook->apply_filters('', Array)
#2 /home/vol10_5/byethost31.com/b31_21066959/iwatani.vnm-shop.cf/htdocs/wp-includes/plugin.php(453): WP_Hook->do_action(Array)
#3 /home/vol10_5/byethost31.com/b31_21066959/iwatani.vnm-shop.cf/htdocs/wp-admin/admin-ajax.php(91): do_action('wp_ajax_eightst...')
#4 {main}
  thrown

2018-01-03T19:11:25+00:00 CRITICAL Uncaught Error: Call to undefined method eightstore_lite_About_Theme::eightstore_lite_call_plugin_api() in /home/vol10_5/byethost31.com/b31_21066959/iwatani.vnm-shop.cf/htdocs/wp-content/themes/eightstore-lite/welcome/eightstore_lite_about.php:414
Stack trace:
#0 /home/vol10_5/byethost31.com/b31_21066959/iwatani.vnm-shop.cf/htdocs/wp-includes/class-wp-hook.php(298): eightstore_lite_About_Theme->eightstore_lite_plugin_activation_callback('')
#1 /home/vol10_5/byethost31.com/b31_21066959/iwatani.vnm-shop.cf/htdocs/wp-includes/class-wp-hook.php(323): WP_Hook->apply_filters('', Array)
#2 /home/vol10_5/byethost31.com/b31_21066959/iwatani.vnm-shop.cf/htdocs/wp-includes/plugin.php(453): WP_Hook->do_action(Array)
#3 /home/vol10_5/byethost31.com/b31_21066959/iwatani.vnm-shop.cf/htdocs/wp-admin/admin-ajax.php(91): do_action('wp_ajax_eightst...')
#4 {main}
  thrown

2018-01-10T12:26:10+00:00 CRITICAL Uncaught Error: Call to undefined method eightstore_lite_About_Theme::eightstore_lite_call_plugin_api() in /home/vol10_5/byethost31.com/b31_21066959/iwatani.vnm-shop.cf/htdocs/wp-content/themes/eightstore-lite/welcome/eightstore_lite_about.php:414
Stack trace:
#0 /home/vol10_5/byethost31.com/b31_21066959/iwatani.vnm-shop.cf/htdocs/wp-includes/class-wp-hook.php(298): eightstore_lite_About_Theme->eightstore_lite_plugin_activation_callback('')
#1 /home/vol10_5/byethost31.com/b31_21066959/iwatani.vnm-shop.cf/htdocs/wp-includes/class-wp-hook.php(323): WP_Hook->apply_filters('', Array)
#2 /home/vol10_5/byethost31.com/b31_21066959/iwatani.vnm-shop.cf/htdocs/wp-includes/plugin.php(453): WP_Hook->do_action(Array)
#3 /home/vol10_5/byethost31.com/b31_21066959/iwatani.vnm-shop.cf/htdocs/wp-admin/admin-ajax.php(91): do_action('wp_ajax_eightst...')
#4 {main}
  thrown

2018-01-10T20:46:02+00:00 CRITICAL Uncaught Error: Call to undefined method eightstore_lite_About_Theme::eightstore_lite_call_plugin_api() in /home/vol10_5/byethost31.com/b31_21066959/iwatani.vnm-shop.cf/htdocs/wp-content/themes/eightstore-lite/welcome/eightstore_lite_about.php:414
Stack trace:
#0 /home/vol10_5/byethost31.com/b31_21066959/iwatani.vnm-shop.cf/htdocs/wp-includes/class-wp-hook.php(298): eightstore_lite_About_Theme->eightstore_lite_plugin_activation_callback('')
#1 /home/vol10_5/byethost31.com/b31_21066959/iwatani.vnm-shop.cf/htdocs/wp-includes/class-wp-hook.php(323): WP_Hook->apply_filters('', Array)
#2 /home/vol10_5/byethost31.com/b31_21066959/iwatani.vnm-shop.cf/htdocs/wp-includes/plugin.php(453): WP_Hook->do_action(Array)
#3 /home/vol10_5/byethost31.com/b31_21066959/iwatani.vnm-shop.cf/htdocs/wp-admin/admin-ajax.php(91): do_action('wp_ajax_eightst...')
#4 {main}
  thrown

